<?xml version="1.0" encoding="UTF-8"?>
<testsuite xmlns:xsi="http://www.w3.org/2001/XMLSchema-instance" xsi:noNamespaceSchemaLocation="https://maven.apache.org/surefire/maven-surefire-plugin/xsd/surefire-test-report-3.0.xsd" version="3.0" name="TestSuite" time="7.923" tests="3" errors="0" skipped="0" failures="0">
  <properties>
[...]
</properties>
  <testcase name="studentDetailsPostverify" classname="studentDetailsTest.StudentDetailsPostTest" time="2.892"/>
  <testcase name="studentDetailsGetVerify" classname="studentDetailsTest.StudentDetailsGetTest" time="0.679"/>
  <testcase name="studentdetailsEndToEndTest" classname="studentDetailsTest.StudentDetailsEndToEndTest" time="2.34"/>
</testsuite>