<?xml version="1.0" encoding="UTF-8"?>
<testng-results skipped="0" failed="0" ignored="0" total="1" passed="1">
  <reporter-output>
  </reporter-output>
  <suite name="Default suite" duration-ms="2635" started-at="2020-05-02T17:56:42Z" finished-at="2020-05-02T17:56:45Z">
    <groups>
    </groups>
    <test name="Default test" duration-ms="2635" started-at="2020-05-02T17:56:42Z" finished-at="2020-05-02T17:56:45Z">
      <class name="studentDetailsTest.StudentDetailsPostTest">
        <test-method status="PASS" signature="setCache()[pri:0, instance:studentDetailsTest.StudentDetailsPostTest@20322d26]" name="setCache" is-config="true" duration-ms="759" started-at="2020-05-02T17:56:42Z" finished-at="2020-05-02T17:56:42Z">
          <reporter-output>
          </reporter-output>
        </test-method> <!-- setCache -->
        <test-method status="PASS" signature="studentDetailsPostverify()[pri:0, instance:studentDetailsTest.StudentDetailsPostTest@20322d26]" name="studentDetailsPostverify" duration-ms="2606" started-at="2020-05-02T17:56:42Z" finished-at="2020-05-02T17:56:45Z">
          <reporter-output>
          </reporter-output>
        </test-method> <!-- studentDetailsPostverify -->
      </class> <!-- studentDetailsTest.StudentDetailsPostTest -->
    </test> <!-- Default test -->
  </suite> <!-- Default suite -->
</testng-results>
